Build started 2015-06-02 13:07:28.
     1>Project "C:\Users\Compaq\Documents\Visual Studio 2013\Projects\przeplywy\przeplywy\przeplywy.vcxproj" on node 2 (Build target(s)).
     1>ClCompile:
         D:\Visual_studio\VC\bin\CL.exe /c /ZI /nologo /W3 /WX- /sdl /Od /Oy- /D _MBCS /Gm /EHsc /RTC1 /MDd /GS /fp:precise /Zc:wchar_t /Zc:forScope /Fo"Debug\\" /Fd"Debug\vc120.pdb" /Gd /TP /analyze- /errorReport:prompt adj_matrix.cpp main.cpp
         adj_matrix.cpp
         Generating Code...
         Compiling...
         main.cpp
     1>c:\users\compaq\documents\visual studio 2013\projects\przeplywy\przeplywy\stoper_flow.h(16): warning C4244: 'argument' : conversion from 'time_t' to 'unsigned int', possible loss of data
     1>c:\users\compaq\documents\visual studio 2013\projects\przeplywy\przeplywy\menu_flow.h(55): warning C4101: 'directed' : unreferenced local variable
     1>c:\users\compaq\documents\visual studio 2013\projects\przeplywy\przeplywy\stoper_bell.h(17): warning C4244: 'argument' : conversion from 'time_t' to 'unsigned int', possible loss of data
     1>c:\users\compaq\documents\visual studio 2013\projects\przeplywy\przeplywy\stoper.h(17): warning C4244: 'argument' : conversion from 'time_t' to 'unsigned int', possible loss of data
         Generating Code...
       Link:
         D:\Visual_studio\VC\bin\link.exe /ERRORREPORT:PROMPT /OUT:"C:\Users\Compaq\Documents\Visual Studio 2013\Projects\przeplywy\Debug\przeplywy.exe" /INCREMENTAL /NOLOGO kernel32.lib user32.lib gdi32.lib winspool.lib comdlg32.lib advapi32.lib shell32.lib ole32.lib oleaut32.lib uuid.lib odbc32.lib odbccp32.lib /MANIFEST /MANIFESTUAC:"level='asInvoker' uiAccess='false'" /manifest:embed /DEBUG /PDB:"C:\Users\Compaq\Documents\Visual Studio 2013\Projects\przeplywy\Debug\przeplywy.pdb" /TLBID:1 /DYNAMICBASE /NXCOMPAT /IMPLIB:"C:\Users\Compaq\Documents\Visual Studio 2013\Projects\przeplywy\Debug\przeplywy.lib" /MACHINE:X86 Debug\adj_matrix.obj
         Debug\generic.obj
         Debug\graph_base.obj
         Debug\main.obj
         Debug\neigh_list.obj
         przeplywy.vcxproj -> C:\Users\Compaq\Documents\Visual Studio 2013\Projects\przeplywy\Debug\przeplywy.exe
     1>Done Building Project "C:\Users\Compaq\Documents\Visual Studio 2013\Projects\przeplywy\przeplywy\przeplywy.vcxproj" (Build target(s)).

Build succeeded.

Time Elapsed 00:00:03.05
